<?xml version="1.0" encoding="UTF-8"?>
<robot generator="Robot 7.3.2 (Python 3.13.7 on win32)" generated="2025-09-18T23:44:20.589487" rpa="false" schemaversion="5">
<suite id="s1" name="Booking Tests" source="C:\Users\livia\OneDrive\Documentos\restful-booker-robot\tests\booking_tests.robot">
<kw name="Start API Session" owner="api_keywords" type="SETUP">
<kw name="Create Session" owner="RequestsLibrary">
<msg time="2025-09-18T23:44:20.692138" level="INFO">Creating Session using : alias=api, url=https://restful-booker.herokuapp.com, headers={},                     cookies={}, auth=None, timeout=None, proxies=None, verify=False,                     debug=0 </msg>
<arg>api</arg>
<arg>${BASE_URL}</arg>
<doc>Create Session: create a HTTP session to a server</doc>
<status status="PASS" start="2025-09-18T23:44:20.691991" elapsed="0.000305"/>
</kw>
<status status="PASS" start="2025-09-18T23:44:20.691401" elapsed="0.000967"/>
</kw>
<test id="s1-t1" name="Cenário 01: [GET] Verificar se a API está online" line="6">
<kw name="Health Check" owner="api_keywords">
<kw name="GET On Session" owner="RequestsLibrary">
<msg time="2025-09-18T23:44:21.339852" level="INFO">GET Request : url=https://restful-booker.herokuapp.com/ping 
 path_url=/ping 
 headers={'User-Agent': 'python-requests/2.32.5', 'Accept-Encoding': 'gzip, deflate', 'Accept': '*/*', 'Connection': 'keep-alive'} 
 body=None 
 </msg>
<msg time="2025-09-18T23:44:21.340270" level="INFO">GET Response : url=https://restful-booker.herokuapp.com/ping 
 status=201, reason=Created 
 headers={'Content-Length': '7', 'Content-Type': 'text/plain; charset=utf-8', 'Date': 'Fri, 19 Sep 2025 02:44:21 GMT', 'Etag': 'W/"7-rM9AyJuqT6iOan/xHh+AW+7K/T8"', 'Nel': '{"report_to":"heroku-nel","response_headers":["Via"],"max_age":3600,"success_fraction":0.01,"failure_fraction":0.1}', 'Report-To': '{"group":"heroku-nel","endpoints":[{"url":"https://nel.heroku.com/reports?s=MWQoPobQwbxwiQkMmbpC8oWbyCUx7nb2z9fRSvq98zY%3D\\u0026sid=c46efe9b-d3d2-4a0c-8c76-bfafa16c5add\\u0026ts=1758249861"}],"max_age":3600}', 'Reporting-Endpoints': 'heroku-nel="https://nel.heroku.com/reports?s=MWQoPobQwbxwiQkMmbpC8oWbyCUx7nb2z9fRSvq98zY%3D&amp;sid=c46efe9b-d3d2-4a0c-8c76-bfafa16c5add&amp;ts=1758249861"', 'Server': 'Heroku', 'Via': '1.1 heroku-router', 'X-Powered-By': 'Express'} 
 body=Created 
 </msg>
<msg time="2025-09-18T23:44:21.340530" level="INFO">C:\Users\livia\AppData\Local\Programs\Python\Python313\Lib\site-packages\urllib3\connectionpool.py:1097: InsecureRequestWarning: Unverified HTTPS request is being made to host 'restful-booker.herokuapp.com'. Adding certificate verification is strongly advised. See: https://urllib3.readthedocs.io/en/latest/advanced-usage.html#tls-warnings
  warnings.warn(</msg>
<msg time="2025-09-18T23:44:21.341464" level="INFO">${response} = &lt;Response [201]&gt;</msg>
<var>${response}</var>
<arg>api</arg>
<arg>/ping</arg>
<doc>Sends a GET request on a previously created HTTP Session.</doc>
<status status="PASS" start="2025-09-18T23:44:20.693048" elapsed="0.648547"/>
</kw>
<kw name="Status Should Be" owner="RequestsLibrary">
<arg>201</arg>
<arg>${response}</arg>
<doc>Fails if response status code is different than the expected.</doc>
<status status="PASS" start="2025-09-18T23:44:21.342066" elapsed="0.000826"/>
</kw>
<status status="PASS" start="2025-09-18T23:44:20.692860" elapsed="0.650300"/>
</kw>
<tag>GET</tag>
<tag>SMOKE</tag>
<status status="PASS" start="2025-09-18T23:44:20.692430" elapsed="0.651502"/>
</test>
<test id="s1-t2" name="Cenário 02: [POST e GET] Criar e consultar uma nova reserva" line="10">
<kw name="Create New Booking" owner="api_keywords">
<kw name="Create Dictionary" owner="BuiltIn">
<msg time="2025-09-18T23:44:21.350291" level="INFO">&amp;{booking_dates} = { checkin=2025-09-20 | checkout=2025-09-25 }</msg>
<var>&amp;{booking_dates}</var>
<arg>checkin=${checkin}</arg>
<arg>checkout=${checkout}</arg>
<doc>Creates and returns a dictionary based on the given ``items``.</doc>
<status status="PASS" start="2025-09-18T23:44:21.348900" elapsed="0.001511"/>
</kw>
<kw name="Create Dictionary" owner="BuiltIn">
<msg time="2025-09-18T23:44:21.352435" level="INFO">&amp;{payload} = { firstname=Ciclano | lastname=de Tal | totalprice=150 | depositpaid=True | bookingdates={'checkin': '2025-09-20', 'checkout': '2025-09-25'} | additionalneeds=Breakfast }</msg>
<var>&amp;{payload}</var>
<arg>firstname=${firstname}</arg>
<arg>lastname=${lastname}</arg>
<arg>totalprice=${totalprice}</arg>
<arg>depositpaid=${depositpaid}</arg>
<arg>bookingdates=${booking_dates}</arg>
<arg>additionalneeds=Breakfast</arg>
<doc>Creates and returns a dictionary based on the given ``items``.</doc>
<status status="PASS" start="2025-09-18T23:44:21.350852" elapsed="0.001703"/>
</kw>
<kw name="POST On Session" owner="RequestsLibrary">
<msg time="2025-09-18T23:44:21.474039" level="INFO">POST Request : url=https://restful-booker.herokuapp.com/booking 
 path_url=/booking 
 headers={'User-Agent': 'python-requests/2.32.5', 'Accept-Encoding': 'gzip, deflate', 'Accept': '*/*', 'Connection': 'keep-alive', 'Content-Length': '189', 'Content-Type': 'application/json'} 
 body=b'{"firstname": "Ciclano", "lastname": "de Tal", "totalprice": "150", "depositpaid": true, "bookingdates": {"checkin": "2025-09-20", "checkout": "2025-09-25"}, "additionalneeds": "Breakfast"}' 
 </msg>
<msg time="2025-09-18T23:44:21.474207" level="INFO">POST Response : url=https://restful-booker.herokuapp.com/booking 
 status=200, reason=OK 
 headers={'Content-Length': '202', 'Content-Type': 'application/json; charset=utf-8', 'Date': 'Fri, 19 Sep 2025 02:44:21 GMT', 'Etag': 'W/"ca-F/4x/Ksc3DcXt+e73o7VK66aMnM"', 'Nel': '{"report_to":"heroku-nel","response_headers":["Via"],"max_age":3600,"success_fraction":0.01,"failure_fraction":0.1}', 'Report-To': '{"group":"heroku-nel","endpoints":[{"url":"https://nel.heroku.com/reports?s=MWQoPobQwbxwiQkMmbpC8oWbyCUx7nb2z9fRSvq98zY%3D\\u0026sid=c46efe9b-d3d2-4a0c-8c76-bfafa16c5add\\u0026ts=1758249861"}],"max_age":3600}', 'Reporting-Endpoints': 'heroku-nel="https://nel.heroku.com/reports?s=MWQoPobQwbxwiQkMmbpC8oWbyCUx7nb2z9fRSvq98zY%3D&amp;sid=c46efe9b-d3d2-4a0c-8c76-bfafa16c5add&amp;ts=1758249861"', 'Server': 'Heroku', 'Via': '1.1 heroku-router', 'X-Powered-By': 'Express'} 
 body={"bookingid":1643,"booking":{"firstname":"Ciclano","lastname":"de Tal","totalprice":150,"depositpaid":true,"bookingdates":{"checkin":"2025-09-20","checkout":"2025-09-25"},"additionalneeds":"Breakfast"}} 
 </msg>
<msg time="2025-09-18T23:44:21.474351" level="INFO">C:\Users\livia\AppData\Local\Programs\Python\Python313\Lib\site-packages\urllib3\connectionpool.py:1097: InsecureRequestWarning: Unverified HTTPS request is being made to host 'restful-booker.herokuapp.com'. Adding certificate verification is strongly advised. See: https://urllib3.readthedocs.io/en/latest/advanced-usage.html#tls-warnings
  warnings.warn(</msg>
<msg time="2025-09-18T23:44:21.474853" level="INFO">${response} = &lt;Response [200]&gt;</msg>
<var>${response}</var>
<arg>api</arg>
<arg>/booking</arg>
<arg>json=${payload}</arg>
<doc>Sends a POST request on a previously created HTTP Session.</doc>
<status status="PASS" start="2025-09-18T23:44:21.353001" elapsed="0.121946"/>
</kw>
<kw name="Status Should Be" owner="RequestsLibrary">
<arg>200</arg>
<arg>${response}</arg>
<doc>Fails if response status code is different than the expected.</doc>
<status status="PASS" start="2025-09-18T23:44:21.475343" elapsed="0.000425"/>
</kw>
<kw name="Log" owner="BuiltIn">
<msg time="2025-09-18T23:44:21.477098" level="INFO">Reserva criada: {'bookingid': 1643, 'booking': {'firstname': 'Ciclano', 'lastname': 'de Tal', 'totalprice': 150, 'depositpaid': True, 'bookingdates': {'checkin': '2025-09-20', 'checkout': '2025-09-25'}, 'additionalneeds': 'Breakfast'}}</msg>
<arg>Reserva criada: ${response.json()}</arg>
<doc>Logs the given message with the given level.</doc>
<status status="PASS" start="2025-09-18T23:44:21.476012" elapsed="0.001200"/>
</kw>
<return>
<value>${response.json()}</value>
<status status="PASS" start="2025-09-18T23:44:21.477330" elapsed="0.000103"/>
</return>
<msg time="2025-09-18T23:44:21.478876" level="INFO">${booking_data} = {'bookingid': 1643, 'booking': {'firstname': 'Ciclano', 'lastname': 'de Tal', 'totalprice': 150, 'depositpaid': True, 'bookingdates': {'checkin': '2025-09-20', 'checkout': '2025-09-25'}, 'additionalne...</msg>
<var>${booking_data}</var>
<arg>Ciclano</arg>
<arg>de Tal</arg>
<arg>150</arg>
<arg>${True}</arg>
<arg>2025-09-20</arg>
<arg>2025-09-25</arg>
<status status="PASS" start="2025-09-18T23:44:21.347642" elapsed="0.131323"/>
</kw>
<kw name="Set Suite Variable" owner="BuiltIn">
<msg time="2025-09-18T23:44:21.480375" level="INFO">${BOOKING_ID} = 1643</msg>
<arg>${BOOKING_ID}</arg>
<arg>${booking_data}[bookingid]</arg>
<doc>Makes a variable available everywhere within the scope of the current suite.</doc>
<status status="PASS" start="2025-09-18T23:44:21.479681" elapsed="0.000735"/>
</kw>
<kw name="Get Booking By ID" owner="api_keywords">
<kw name="GET On Session" owner="RequestsLibrary">
<msg time="2025-09-18T23:44:21.604047" level="INFO">GET Request : url=https://restful-booker.herokuapp.com/booking/1643 
 path_url=/booking/1643 
 headers={'User-Agent': 'python-requests/2.32.5', 'Accept-Encoding': 'gzip, deflate', 'Accept': '*/*', 'Connection': 'keep-alive'} 
 body=None 
 </msg>
<msg time="2025-09-18T23:44:21.604140" level="INFO">GET Response : url=https://restful-booker.herokuapp.com/booking/1643 
 status=200, reason=OK 
 headers={'Content-Length': '173', 'Content-Type': 'application/json; charset=utf-8', 'Date': 'Fri, 19 Sep 2025 02:44:21 GMT', 'Etag': 'W/"ad-mmNEeuYbQs926+Os07HIpcNJ+cc"', 'Nel': '{"report_to":"heroku-nel","response_headers":["Via"],"max_age":3600,"success_fraction":0.01,"failure_fraction":0.1}', 'Report-To': '{"group":"heroku-nel","endpoints":[{"url":"https://nel.heroku.com/reports?s=MWQoPobQwbxwiQkMmbpC8oWbyCUx7nb2z9fRSvq98zY%3D\\u0026sid=c46efe9b-d3d2-4a0c-8c76-bfafa16c5add\\u0026ts=1758249861"}],"max_age":3600}', 'Reporting-Endpoints': 'heroku-nel="https://nel.heroku.com/reports?s=MWQoPobQwbxwiQkMmbpC8oWbyCUx7nb2z9fRSvq98zY%3D&amp;sid=c46efe9b-d3d2-4a0c-8c76-bfafa16c5add&amp;ts=1758249861"', 'Server': 'Heroku', 'Via': '1.1 heroku-router', 'X-Powered-By': 'Express'} 
 body={"firstname":"Ciclano","lastname":"de Tal","totalprice":150,"depositpaid":true,"bookingdates":{"checkin":"2025-09-20","checkout":"2025-09-25"},"additionalneeds":"Breakfast"} 
 </msg>
<msg time="2025-09-18T23:44:21.604213" level="INFO">C:\Users\livia\AppData\Local\Programs\Python\Python313\Lib\site-packages\urllib3\connectionpool.py:1097: InsecureRequestWarning: Unverified HTTPS request is being made to host 'restful-booker.herokuapp.com'. Adding certificate verification is strongly advised. See: https://urllib3.readthedocs.io/en/latest/advanced-usage.html#tls-warnings
  warnings.warn(</msg>
<msg time="2025-09-18T23:44:21.604515" level="INFO">${response} = &lt;Response [200]&gt;</msg>
<var>${response}</var>
<arg>api</arg>
<arg>/booking/${booking_id}</arg>
<doc>Sends a GET request on a previously created HTTP Session.</doc>
<status status="PASS" start="2025-09-18T23:44:21.480906" elapsed="0.123642"/>
</kw>
<kw name="Status Should Be" owner="RequestsLibrary">
<arg>200</arg>
<arg>${response}</arg>
<doc>Fails if response status code is different than the expected.</doc>
<status status="PASS" start="2025-09-18T23:44:21.604693" elapsed="0.000181"/>
</kw>
<return>
<value>${response.json()}</value>
<status status="PASS" start="2025-09-18T23:44:21.604928" elapsed="0.000043"/>
</return>
<msg time="2025-09-18T23:44:21.605375" level="INFO">${response} = {'firstname': 'Ciclano', 'lastname': 'de Tal', 'totalprice': 150, 'depositpaid': True, 'bookingdates': {'checkin': '2025-09-20', 'checkout': '2025-09-25'}, 'additionalneeds': 'Breakfast'}</msg>
<var>${response}</var>
<arg>${BOOKING_ID}</arg>
<status status="PASS" start="2025-09-18T23:44:21.480686" elapsed="0.124719"/>
</kw>
<kw name="Should Be Equal As Strings" owner="BuiltIn">
<arg>${response}[firstname]</arg>
<arg>Ciclano</arg>
<doc>Fails if objects are unequal after converting them to strings.</doc>
<status status="PASS" start="2025-09-18T23:44:21.605647" elapsed="0.000185"/>
</kw>
<kw name="Should Be Equal As Strings" owner="BuiltIn">
<arg>${response}[lastname]</arg>
<arg>de Tal</arg>
<doc>Fails if objects are unequal after converting them to strings.</doc>
<status status="PASS" start="2025-09-18T23:44:21.606055" elapsed="0.000162"/>
</kw>
<tag>GET</tag>
<tag>POST</tag>
<status status="PASS" start="2025-09-18T23:44:21.345891" elapsed="0.260559"/>
</test>
<test id="s1-t3" name="Cenário 03: [PUT] Atualizar uma reserva existente com token" line="25">
<kw name="Create New Booking" owner="api_keywords">
<kw name="Create Dictionary" owner="BuiltIn">
<msg time="2025-09-18T23:44:21.608191" level="INFO">&amp;{booking_dates} = { checkin=2025-11-01 | checkout=2025-11-05 }</msg>
<var>&amp;{booking_dates}</var>
<arg>checkin=${checkin}</arg>
<arg>checkout=${checkout}</arg>
<doc>Creates and returns a dictionary based on the given ``items``.</doc>
<status status="PASS" start="2025-09-18T23:44:21.607920" elapsed="0.000302"/>
</kw>
<kw name="Create Dictionary" owner="BuiltIn">
<msg time="2025-09-18T23:44:21.608708" level="INFO">&amp;{payload} = { firstname=Beltrano | lastname=Silva | totalprice=200 | depositpaid=False | bookingdates={'checkin': '2025-11-01', 'checkout': '2025-11-05'} | additionalneeds=Breakfast }</msg>
<var>&amp;{payload}</var>
<arg>firstname=${firstname}</arg>
<arg>lastname=${lastname}</arg>
<arg>totalprice=${totalprice}</arg>
<arg>depositpaid=${depositpaid}</arg>
<arg>bookingdates=${booking_dates}</arg>
<arg>additionalneeds=Breakfast</arg>
<doc>Creates and returns a dictionary based on the given ``items``.</doc>
<status status="PASS" start="2025-09-18T23:44:21.608332" elapsed="0.000405"/>
</kw>
<kw name="POST On Session" owner="RequestsLibrary">
<msg time="2025-09-18T23:44:21.741431" level="INFO">POST Request : url=https://restful-booker.herokuapp.com/booking 
 path_url=/booking 
 headers={'User-Agent': 'python-requests/2.32.5', 'Accept-Encoding': 'gzip, deflate', 'Accept': '*/*', 'Connection': 'keep-alive', 'Content-Length': '190', 'Content-Type': 'application/json'} 
 body=b'{"firstname": "Beltrano", "lastname": "Silva", "totalprice": "200", "depositpaid": false, "bookingdates": {"checkin": "2025-11-01", "checkout": "2025-11-05"}, "additionalneeds": "Breakfast"}' 
 </msg>
<msg time="2025-09-18T23:44:21.741508" level="INFO">POST Response : url=https://restful-booker.herokuapp.com/booking 
 status=200, reason=OK 
 headers={'Content-Length': '203', 'Content-Type': 'application/json; charset=utf-8', 'Date': 'Fri, 19 Sep 2025 02:44:21 GMT', 'Etag': 'W/"cb-3ywDs4HeRr4tesmoP/2v2Wue8+c"', 'Nel': '{"report_to":"heroku-nel","response_headers":["Via"],"max_age":3600,"success_fraction":0.01,"failure_fraction":0.1}', 'Report-To': '{"group":"heroku-nel","endpoints":[{"url":"https://nel.heroku.com/reports?s=MWQoPobQwbxwiQkMmbpC8oWbyCUx7nb2z9fRSvq98zY%3D\\u0026sid=c46efe9b-d3d2-4a0c-8c76-bfafa16c5add\\u0026ts=1758249861"}],"max_age":3600}', 'Reporting-Endpoints': 'heroku-nel="https://nel.heroku.com/reports?s=MWQoPobQwbxwiQkMmbpC8oWbyCUx7nb2z9fRSvq98zY%3D&amp;sid=c46efe9b-d3d2-4a0c-8c76-bfafa16c5add&amp;ts=1758249861"', 'Server': 'Heroku', 'Via': '1.1 heroku-router', 'X-Powered-By': 'Express'} 
 body={"bookingid":1645,"booking":{"firstname":"Beltrano","lastname":"Silva","totalprice":200,"depositpaid":false,"bookingdates":{"checkin":"2025-11-01","checkout":"2025-11-05"},"additionalneeds":"Breakfast"}} 
 </msg>
<msg time="2025-09-18T23:44:21.741566" level="INFO">C:\Users\livia\AppData\Local\Programs\Python\Python313\Lib\site-packages\urllib3\connectionpool.py:1097: InsecureRequestWarning: Unverified HTTPS request is being made to host 'restful-booker.herokuapp.com'. Adding certificate verification is strongly advised. See: https://urllib3.readthedocs.io/en/latest/advanced-usage.html#tls-warnings
  warnings.warn(</msg>
<msg time="2025-09-18T23:44:21.741767" level="INFO">${response} = &lt;Response [200]&gt;</msg>
<var>${response}</var>
<arg>api</arg>
<arg>/booking</arg>
<arg>json=${payload}</arg>
<doc>Sends a POST request on a previously created HTTP Session.</doc>
<status status="PASS" start="2025-09-18T23:44:21.608844" elapsed="0.132948"/>
</kw>
<kw name="Status Should Be" owner="RequestsLibrary">
<arg>200</arg>
<arg>${response}</arg>
<doc>Fails if response status code is different than the expected.</doc>
<status status="PASS" start="2025-09-18T23:44:21.742047" elapsed="0.000184"/>
</kw>
<kw name="Log" owner="BuiltIn">
<msg time="2025-09-18T23:44:21.742732" level="INFO">Reserva criada: {'bookingid': 1645, 'booking': {'firstname': 'Beltrano', 'lastname': 'Silva', 'totalprice': 200, 'depositpaid': False, 'bookingdates': {'checkin': '2025-11-01', 'checkout': '2025-11-05'}, 'additionalneeds': 'Breakfast'}}</msg>
<arg>Reserva criada: ${response.json()}</arg>
<doc>Logs the given message with the given level.</doc>
<status status="PASS" start="2025-09-18T23:44:21.742331" elapsed="0.000445"/>
</kw>
<return>
<value>${response.json()}</value>
<status status="PASS" start="2025-09-18T23:44:21.742831" elapsed="0.000044"/>
</return>
<msg time="2025-09-18T23:44:21.743259" level="INFO">${booking_to_update} = {'bookingid': 1645, 'booking': {'firstname': 'Beltrano', 'lastname': 'Silva', 'totalprice': 200, 'depositpaid': False, 'bookingdates': {'checkin': '2025-11-01', 'checkout': '2025-11-05'}, 'additionaln...</msg>
<var>${booking_to_update}</var>
<arg>Beltrano</arg>
<arg>Silva</arg>
<arg>200</arg>
<arg>${False}</arg>
<arg>2025-11-01</arg>
<arg>2025-11-05</arg>
<status status="PASS" start="2025-09-18T23:44:21.607605" elapsed="0.135682"/>
</kw>
<kw name="Set Variable" owner="BuiltIn">
<msg time="2025-09-18T23:44:21.743623" level="INFO">${booking_id_to_update} = 1645</msg>
<var>${booking_id_to_update}</var>
<arg>${booking_to_update}[bookingid]</arg>
<doc>Returns the given values which can then be assigned to a variables.</doc>
<status status="PASS" start="2025-09-18T23:44:21.743471" elapsed="0.000175"/>
</kw>
<kw name="Get Auth Token" owner="api_keywords">
<kw name="Create Dictionary" owner="BuiltIn">
<msg time="2025-09-18T23:44:21.744250" level="INFO">&amp;{credentials} = { username=admin | password=password123 }</msg>
<var>&amp;{credentials}</var>
<arg>username=admin</arg>
<arg>password=password123</arg>
<doc>Creates and returns a dictionary based on the given ``items``.</doc>
<status status="PASS" start="2025-09-18T23:44:21.744079" elapsed="0.000196"/>
</kw>
<kw name="POST On Session" owner="RequestsLibrary">
<msg time="2025-09-18T23:44:21.879613" level="INFO">POST Request : url=https://restful-booker.herokuapp.com/auth 
 path_url=/auth 
 headers={'User-Agent': 'python-requests/2.32.5', 'Accept-Encoding': 'gzip, deflate', 'Accept': '*/*', 'Connection': 'keep-alive', 'Content-Length': '48', 'Content-Type': 'application/json'} 
 body=b'{"username": "admin", "password": "password123"}' 
 </msg>
<msg time="2025-09-18T23:44:21.879947" level="INFO">POST Response : url=https://restful-booker.herokuapp.com/auth 
 status=200, reason=OK 
 headers={'Content-Length': '27', 'Content-Type': 'application/json; charset=utf-8', 'Date': 'Fri, 19 Sep 2025 02:44:21 GMT', 'Etag': 'W/"1b-byzoFruKvnHYpSxCuW9vEPuMbBk"', 'Nel': '{"report_to":"heroku-nel","response_headers":["Via"],"max_age":3600,"success_fraction":0.01,"failure_fraction":0.1}', 'Report-To': '{"group":"heroku-nel","endpoints":[{"url":"https://nel.heroku.com/reports?s=MWQoPobQwbxwiQkMmbpC8oWbyCUx7nb2z9fRSvq98zY%3D\\u0026sid=c46efe9b-d3d2-4a0c-8c76-bfafa16c5add\\u0026ts=1758249861"}],"max_age":3600}', 'Reporting-Endpoints': 'heroku-nel="https://nel.heroku.com/reports?s=MWQoPobQwbxwiQkMmbpC8oWbyCUx7nb2z9fRSvq98zY%3D&amp;sid=c46efe9b-d3d2-4a0c-8c76-bfafa16c5add&amp;ts=1758249861"', 'Server': 'Heroku', 'Via': '1.1 heroku-router', 'X-Powered-By': 'Express'} 
 body={"token":"0d72cb9c784c3cc"} 
 </msg>
<msg time="2025-09-18T23:44:21.880231" level="INFO">C:\Users\livia\AppData\Local\Programs\Python\Python313\Lib\site-packages\urllib3\connectionpool.py:1097: InsecureRequestWarning: Unverified HTTPS request is being made to host 'restful-booker.herokuapp.com'. Adding certificate verification is strongly advised. See: https://urllib3.readthedocs.io/en/latest/advanced-usage.html#tls-warnings
  warnings.warn(</msg>
<msg time="2025-09-18T23:44:21.881011" level="INFO">${response} = &lt;Response [200]&gt;</msg>
<var>${response}</var>
<arg>api</arg>
<arg>/auth</arg>
<arg>json=${credentials}</arg>
<doc>Sends a POST request on a previously created HTTP Session.</doc>
<status status="PASS" start="2025-09-18T23:44:21.744360" elapsed="0.136755"/>
</kw>
<kw name="Status Should Be" owner="RequestsLibrary">
<arg>200</arg>
<arg>${response}</arg>
<doc>Fails if response status code is different than the expected.</doc>
<status status="PASS" start="2025-09-18T23:44:21.881506" elapsed="0.000555"/>
</kw>
<kw name="Set Variable" owner="BuiltIn">
<msg time="2025-09-18T23:44:21.883644" level="INFO">${token} = 0d72cb9c784c3cc</msg>
<var>${token}</var>
<arg>${response.json()}[token]</arg>
<doc>Returns the given values which can then be assigned to a variables.</doc>
<status status="PASS" start="2025-09-18T23:44:21.882370" elapsed="0.001356"/>
</kw>
<kw name="Log" owner="BuiltIn">
<msg time="2025-09-18T23:44:21.884365" level="INFO">Token recebido: 0d72cb9c784c3cc</msg>
<arg>Token recebido: ${token}</arg>
<doc>Logs the given message with the given level.</doc>
<status status="PASS" start="2025-09-18T23:44:21.884018" elapsed="0.000483"/>
</kw>
<return>
<value>${token}</value>
<status status="PASS" start="2025-09-18T23:44:21.884636" elapsed="0.000086"/>
</return>
<msg time="2025-09-18T23:44:21.885068" level="INFO">${token} = 0d72cb9c784c3cc</msg>
<var>${token}</var>
<status status="PASS" start="2025-09-18T23:44:21.743875" elapsed="0.141264"/>
</kw>
<kw name="Update Booking" owner="api_keywords">
<kw name="Create Dictionary" owner="BuiltIn">
<msg time="2025-09-18T23:44:21.887528" level="INFO">&amp;{headers} = { Content-Type=application/json | Accept=application/json | Cookie=token=0d72cb9c784c3cc }</msg>
<var>&amp;{headers}</var>
<arg>Content-Type=application/json</arg>
<arg>Accept=application/json</arg>
<arg>Cookie=token=${token}</arg>
<doc>Creates and returns a dictionary based on the given ``items``.</doc>
<status status="PASS" start="2025-09-18T23:44:21.886809" elapsed="0.000805"/>
</kw>
<kw name="Create Dictionary" owner="BuiltIn">
<msg time="2025-09-18T23:44:21.888470" level="INFO">&amp;{booking_dates} = { checkin=2025-10-01 | checkout=2025-10-10 }</msg>
<var>&amp;{booking_dates}</var>
<arg>checkin=2025-10-01</arg>
<arg>checkout=2025-10-10</arg>
<doc>Creates and returns a dictionary based on the given ``items``.</doc>
<status status="PASS" start="2025-09-18T23:44:21.887927" elapsed="0.000627"/>
</kw>
<kw name="Create Dictionary" owner="BuiltIn">
<msg time="2025-09-18T23:44:21.890048" level="INFO">&amp;{payload} = { firstname=Fulano | lastname=Atualizado | totalprice=999 | depositpaid=False | bookingdates={'checkin': '2025-10-01', 'checkout': '2025-10-10'} | additionalneeds=All inclusive }</msg>
<var>&amp;{payload}</var>
<arg>firstname=Fulano</arg>
<arg>lastname=Atualizado</arg>
<arg>totalprice=999</arg>
<arg>depositpaid=${False}</arg>
<arg>bookingdates=${booking_dates}</arg>
<arg>additionalneeds=All inclusive</arg>
<doc>Creates and returns a dictionary based on the given ``items``.</doc>
<status status="PASS" start="2025-09-18T23:44:21.889077" elapsed="0.001062"/>
</kw>
<kw name="PUT On Session" owner="RequestsLibrary">
<msg time="2025-09-18T23:44:22.012907" level="INFO">PUT Request : url=https://restful-booker.herokuapp.com/booking/1645 
 path_url=/booking/1645 
 headers={'User-Agent': 'python-requests/2.32.5', 'Accept-Encoding': 'gzip, deflate', 'Accept': 'application/json', 'Connection': 'keep-alive', 'Content-Type': 'application/json', 'Cookie': 'token=0d72cb9c784c3cc', 'Content-Length': '197'} 
 body=b'{"firstname": "Fulano", "lastname": "Atualizado", "totalprice": "999", "depositpaid": false, "bookingdates": {"checkin": "2025-10-01", "checkout": "2025-10-10"}, "additionalneeds": "All inclusive"}' 
 </msg>
<msg time="2025-09-18T23:44:22.013228" level="INFO">PUT Response : url=https://restful-booker.herokuapp.com/booking/1645 
 status=200, reason=OK 
 headers={'Content-Length': '181', 'Content-Type': 'application/json; charset=utf-8', 'Date': 'Fri, 19 Sep 2025 02:44:21 GMT', 'Etag': 'W/"b5-pLFa6YsxnFSStt+4UuR7+qR2LUs"', 'Nel': '{"report_to":"heroku-nel","response_headers":["Via"],"max_age":3600,"success_fraction":0.01,"failure_fraction":0.1}', 'Report-To': '{"group":"heroku-nel","endpoints":[{"url":"https://nel.heroku.com/reports?s=MWQoPobQwbxwiQkMmbpC8oWbyCUx7nb2z9fRSvq98zY%3D\\u0026sid=c46efe9b-d3d2-4a0c-8c76-bfafa16c5add\\u0026ts=1758249861"}],"max_age":3600}', 'Reporting-Endpoints': 'heroku-nel="https://nel.heroku.com/reports?s=MWQoPobQwbxwiQkMmbpC8oWbyCUx7nb2z9fRSvq98zY%3D&amp;sid=c46efe9b-d3d2-4a0c-8c76-bfafa16c5add&amp;ts=1758249861"', 'Server': 'Heroku', 'Via': '1.1 heroku-router', 'X-Powered-By': 'Express'} 
 body={"firstname":"Fulano","lastname":"Atualizado","totalprice":999,"depositpaid":false,"bookingdates":{"checkin":"2025-10-01","checkout":"2025-10-10"},"additionalneeds":"All inclusive"} 
 </msg>
<msg time="2025-09-18T23:44:22.013321" level="INFO">C:\Users\livia\AppData\Local\Programs\Python\Python313\Lib\site-packages\urllib3\connectionpool.py:1097: InsecureRequestWarning: Unverified HTTPS request is being made to host 'restful-booker.herokuapp.com'. Adding certificate verification is strongly advised. See: https://urllib3.readthedocs.io/en/latest/advanced-usage.html#tls-warnings
  warnings.warn(</msg>
<msg time="2025-09-18T23:44:22.013641" level="INFO">${response} = &lt;Response [200]&gt;</msg>
<var>${response}</var>
<arg>api</arg>
<arg>/booking/${booking_id}</arg>
<arg>json=${payload}</arg>
<arg>headers=${headers}</arg>
<doc>Sends a PUT request on a previously created HTTP Session.</doc>
<status status="PASS" start="2025-09-18T23:44:21.890471" elapsed="0.123200"/>
</kw>
<kw name="Status Should Be" owner="RequestsLibrary">
<arg>200</arg>
<arg>${response}</arg>
<doc>Fails if response status code is different than the expected.</doc>
<status status="PASS" start="2025-09-18T23:44:22.013805" elapsed="0.000165"/>
</kw>
<return>
<value>${response.json()}</value>
<status status="PASS" start="2025-09-18T23:44:22.014021" elapsed="0.000047"/>
</return>
<msg time="2025-09-18T23:44:22.014472" level="INFO">${updated_booking} = {'firstname': 'Fulano', 'lastname': 'Atualizado', 'totalprice': 999, 'depositpaid': False, 'bookingdates': {'checkin': '2025-10-01', 'checkout': '2025-10-10'}, 'additionalneeds': 'All inclusive'}</msg>
<var>${updated_booking}</var>
<arg>${booking_id_to_update}</arg>
<arg>${token}</arg>
<status status="PASS" start="2025-09-18T23:44:21.885930" elapsed="0.128572"/>
</kw>
<kw name="Should Be Equal As Strings" owner="BuiltIn">
<arg>${updated_booking}[firstname]</arg>
<arg>Fulano</arg>
<doc>Fails if objects are unequal after converting them to strings.</doc>
<status status="PASS" start="2025-09-18T23:44:22.014738" elapsed="0.000224"/>
</kw>
<kw name="Should Be Equal As Strings" owner="BuiltIn">
<arg>${updated_booking}[lastname]</arg>
<arg>Atualizado</arg>
<doc>Fails if objects are unequal after converting them to strings.</doc>
<status status="PASS" start="2025-09-18T23:44:22.015168" elapsed="0.000161"/>
</kw>
<kw name="Should Be Equal As Numbers" owner="BuiltIn">
<msg time="2025-09-18T23:44:22.015688" level="INFO">Argument types are:
&lt;class 'int'&gt;
&lt;class 'str'&gt;</msg>
<arg>${updated_booking}[totalprice]</arg>
<arg>999</arg>
<doc>Fails if objects are unequal after converting them to real numbers.</doc>
<status status="PASS" start="2025-09-18T23:44:22.015555" elapsed="0.000195"/>
</kw>
<tag>AUTH</tag>
<tag>PUT</tag>
<status status="PASS" start="2025-09-18T23:44:21.607132" elapsed="0.408851"/>
</test>
<test id="s1-t4" name="Cenário 04: [DELETE] Deletar uma reserva existente com token" line="40">
<kw name="Create New Booking" owner="api_keywords">
<kw name="Create Dictionary" owner="BuiltIn">
<msg time="2025-09-18T23:44:22.018173" level="INFO">&amp;{booking_dates} = { checkin=2025-12-01 | checkout=2025-12-02 }</msg>
<var>&amp;{booking_dates}</var>
<arg>checkin=${checkin}</arg>
<arg>checkout=${checkout}</arg>
<doc>Creates and returns a dictionary based on the given ``items``.</doc>
<status status="PASS" start="2025-09-18T23:44:22.017911" elapsed="0.000291"/>
</kw>
<kw name="Create Dictionary" owner="BuiltIn">
<msg time="2025-09-18T23:44:22.018659" level="INFO">&amp;{payload} = { firstname=Para | lastname=Deletar | totalprice=50 | depositpaid=True | bookingdates={'checkin': '2025-12-01', 'checkout': '2025-12-02'} | additionalneeds=Breakfast }</msg>
<var>&amp;{payload}</var>
<arg>firstname=${firstname}</arg>
<arg>lastname=${lastname}</arg>
<arg>totalprice=${totalprice}</arg>
<arg>depositpaid=${depositpaid}</arg>
<arg>bookingdates=${booking_dates}</arg>
<arg>additionalneeds=Breakfast</arg>
<doc>Creates and returns a dictionary based on the given ``items``.</doc>
<status status="PASS" start="2025-09-18T23:44:22.018306" elapsed="0.000381"/>
</kw>
<kw name="POST On Session" owner="RequestsLibrary">
<msg time="2025-09-18T23:44:22.142890" level="INFO">POST Request : url=https://restful-booker.herokuapp.com/booking 
 path_url=/booking 
 headers={'User-Agent': 'python-requests/2.32.5', 'Accept-Encoding': 'gzip, deflate', 'Accept': '*/*', 'Connection': 'keep-alive', 'Content-Length': '186', 'Content-Type': 'application/json'} 
 body=b'{"firstname": "Para", "lastname": "Deletar", "totalprice": "50", "depositpaid": true, "bookingdates": {"checkin": "2025-12-01", "checkout": "2025-12-02"}, "additionalneeds": "Breakfast"}' 
 </msg>
<msg time="2025-09-18T23:44:22.143175" level="INFO">POST Response : url=https://restful-booker.herokuapp.com/booking 
 status=200, reason=OK 
 headers={'Content-Length': '199', 'Content-Type': 'application/json; charset=utf-8', 'Date': 'Fri, 19 Sep 2025 02:44:22 GMT', 'Etag': 'W/"c7-rjez6FCbkCTS75KpJaAQB/L/tR8"', 'Nel': '{"report_to":"heroku-nel","response_headers":["Via"],"max_age":3600,"success_fraction":0.01,"failure_fraction":0.1}', 'Report-To': '{"group":"heroku-nel","endpoints":[{"url":"https://nel.heroku.com/reports?s=yWxeWiF7PB6F6qDqnV13twQDsg0QXr%2FiEOYt0NmOfC0%3D\\u0026sid=c46efe9b-d3d2-4a0c-8c76-bfafa16c5add\\u0026ts=1758249862"}],"max_age":3600}', 'Reporting-Endpoints': 'heroku-nel="https://nel.heroku.com/reports?s=yWxeWiF7PB6F6qDqnV13twQDsg0QXr%2FiEOYt0NmOfC0%3D&amp;sid=c46efe9b-d3d2-4a0c-8c76-bfafa16c5add&amp;ts=1758249862"', 'Server': 'Heroku', 'Via': '1.1 heroku-router', 'X-Powered-By': 'Express'} 
 body={"bookingid":1650,"booking":{"firstname":"Para","lastname":"Deletar","totalprice":50,"depositpaid":true,"bookingdates":{"checkin":"2025-12-01","checkout":"2025-12-02"},"additionalneeds":"Breakfast"}} 
 </msg>
<msg time="2025-09-18T23:44:22.143478" level="INFO">C:\Users\livia\AppData\Local\Programs\Python\Python313\Lib\site-packages\urllib3\connectionpool.py:1097: InsecureRequestWarning: Unverified HTTPS request is being made to host 'restful-booker.herokuapp.com'. Adding certificate verification is strongly advised. See: https://urllib3.readthedocs.io/en/latest/advanced-usage.html#tls-warnings
  warnings.warn(</msg>
<msg time="2025-09-18T23:44:22.144411" level="INFO">${response} = &lt;Response [200]&gt;</msg>
<var>${response}</var>
<arg>api</arg>
<arg>/booking</arg>
<arg>json=${payload}</arg>
<doc>Sends a POST request on a previously created HTTP Session.</doc>
<status status="PASS" start="2025-09-18T23:44:22.018792" elapsed="0.125757"/>
</kw>
<kw name="Status Should Be" owner="RequestsLibrary">
<arg>200</arg>
<arg>${response}</arg>
<doc>Fails if response status code is different than the expected.</doc>
<status status="PASS" start="2025-09-18T23:44:22.145081" elapsed="0.000691"/>
</kw>
<kw name="Log" owner="BuiltIn">
<msg time="2025-09-18T23:44:22.147953" level="INFO">Reserva criada: {'bookingid': 1650, 'booking': {'firstname': 'Para', 'lastname': 'Deletar', 'totalprice': 50, 'depositpaid': True, 'bookingdates': {'checkin': '2025-12-01', 'checkout': '2025-12-02'}, 'additionalneeds': 'Breakfast'}}</msg>
<arg>Reserva criada: ${response.json()}</arg>
<doc>Logs the given message with the given level.</doc>
<status status="PASS" start="2025-09-18T23:44:22.146181" elapsed="0.002295"/>
</kw>
<return>
<value>${response.json()}</value>
<status status="PASS" start="2025-09-18T23:44:22.148762" elapsed="0.000189"/>
</return>
<msg time="2025-09-18T23:44:22.149786" level="INFO">${booking_to_delete} = {'bookingid': 1650, 'booking': {'firstname': 'Para', 'lastname': 'Deletar', 'totalprice': 50, 'depositpaid': True, 'bookingdates': {'checkin': '2025-12-01', 'checkout': '2025-12-02'}, 'additionalneeds...</msg>
<var>${booking_to_delete}</var>
<arg>Para</arg>
<arg>Deletar</arg>
<arg>50</arg>
<arg>${True}</arg>
<arg>2025-12-01</arg>
<arg>2025-12-02</arg>
<status status="PASS" start="2025-09-18T23:44:22.017589" elapsed="0.132222"/>
</kw>
<kw name="Set Variable" owner="BuiltIn">
<msg time="2025-09-18T23:44:22.150173" level="INFO">${booking_id_to_delete} = 1650</msg>
<var>${booking_id_to_delete}</var>
<arg>${booking_to_delete}[bookingid]</arg>
<doc>Returns the given values which can then be assigned to a variables.</doc>
<status status="PASS" start="2025-09-18T23:44:22.150031" elapsed="0.000165"/>
</kw>
<kw name="Get Auth Token" owner="api_keywords">
<kw name="Create Dictionary" owner="BuiltIn">
<msg time="2025-09-18T23:44:22.150795" level="INFO">&amp;{credentials} = { username=admin | password=password123 }</msg>
<var>&amp;{credentials}</var>
<arg>username=admin</arg>
<arg>password=password123</arg>
<doc>Creates and returns a dictionary based on the given ``items``.</doc>
<status status="PASS" start="2025-09-18T23:44:22.150635" elapsed="0.000183"/>
</kw>
<kw name="POST On Session" owner="RequestsLibrary">
<msg time="2025-09-18T23:44:22.285638" level="INFO">POST Request : url=https://restful-booker.herokuapp.com/auth 
 path_url=/auth 
 headers={'User-Agent': 'python-requests/2.32.5', 'Accept-Encoding': 'gzip, deflate', 'Accept': '*/*', 'Connection': 'keep-alive', 'Content-Length': '48', 'Content-Type': 'application/json'} 
 body=b'{"username": "admin", "password": "password123"}' 
 </msg>
<msg time="2025-09-18T23:44:22.285777" level="INFO">POST Response : url=https://restful-booker.herokuapp.com/auth 
 status=200, reason=OK 
 headers={'Content-Length': '27', 'Content-Type': 'application/json; charset=utf-8', 'Date': 'Fri, 19 Sep 2025 02:44:22 GMT', 'Etag': 'W/"1b-KhmlAEihv8KmdgXpzaj+knUfV5A"', 'Nel': '{"report_to":"heroku-nel","response_headers":["Via"],"max_age":3600,"success_fraction":0.01,"failure_fraction":0.1}', 'Report-To': '{"group":"heroku-nel","endpoints":[{"url":"https://nel.heroku.com/reports?s=yWxeWiF7PB6F6qDqnV13twQDsg0QXr%2FiEOYt0NmOfC0%3D\\u0026sid=c46efe9b-d3d2-4a0c-8c76-bfafa16c5add\\u0026ts=1758249862"}],"max_age":3600}', 'Reporting-Endpoints': 'heroku-nel="https://nel.heroku.com/reports?s=yWxeWiF7PB6F6qDqnV13twQDsg0QXr%2FiEOYt0NmOfC0%3D&amp;sid=c46efe9b-d3d2-4a0c-8c76-bfafa16c5add&amp;ts=1758249862"', 'Server': 'Heroku', 'Via': '1.1 heroku-router', 'X-Powered-By': 'Express'} 
 body={"token":"ef48cedafaef65f"} 
 </msg>
<msg time="2025-09-18T23:44:22.285890" level="INFO">C:\Users\livia\AppData\Local\Programs\Python\Python313\Lib\site-packages\urllib3\connectionpool.py:1097: InsecureRequestWarning: Unverified HTTPS request is being made to host 'restful-booker.herokuapp.com'. Adding certificate verification is strongly advised. See: https://urllib3.readthedocs.io/en/latest/advanced-usage.html#tls-warnings
  warnings.warn(</msg>
<msg time="2025-09-18T23:44:22.286421" level="INFO">${response} = &lt;Response [200]&gt;</msg>
<var>${response}</var>
<arg>api</arg>
<arg>/auth</arg>
<arg>json=${credentials}</arg>
<doc>Sends a POST request on a previously created HTTP Session.</doc>
<status status="PASS" start="2025-09-18T23:44:22.150900" elapsed="0.135597"/>
</kw>
<kw name="Status Should Be" owner="RequestsLibrary">
<arg>200</arg>
<arg>${response}</arg>
<doc>Fails if response status code is different than the expected.</doc>
<status status="PASS" start="2025-09-18T23:44:22.286786" elapsed="0.000386"/>
</kw>
<kw name="Set Variable" owner="BuiltIn">
<msg time="2025-09-18T23:44:22.288377" level="INFO">${token} = ef48cedafaef65f</msg>
<var>${token}</var>
<arg>${response.json()}[token]</arg>
<doc>Returns the given values which can then be assigned to a variables.</doc>
<status status="PASS" start="2025-09-18T23:44:22.287403" elapsed="0.001041"/>
</kw>
<kw name="Log" owner="BuiltIn">
<msg time="2025-09-18T23:44:22.288949" level="INFO">Token recebido: ef48cedafaef65f</msg>
<arg>Token recebido: ${token}</arg>
<doc>Logs the given message with the given level.</doc>
<status status="PASS" start="2025-09-18T23:44:22.288672" elapsed="0.000375"/>
</kw>
<return>
<value>${token}</value>
<status status="PASS" start="2025-09-18T23:44:22.289154" elapsed="0.000069"/>
</return>
<msg time="2025-09-18T23:44:22.289501" level="INFO">${token} = ef48cedafaef65f</msg>
<var>${token}</var>
<status status="PASS" start="2025-09-18T23:44:22.150454" elapsed="0.139104"/>
</kw>
<kw name="Delete Booking" owner="api_keywords">
<kw name="Create Dictionary" owner="BuiltIn">
<msg time="2025-09-18T23:44:22.291358" level="INFO">&amp;{headers} = { Content-Type=application/json | Cookie=token=ef48cedafaef65f }</msg>
<var>&amp;{headers}</var>
<arg>Content-Type=application/json</arg>
<arg>Cookie=token=${token}</arg>
<doc>Creates and returns a dictionary based on the given ``items``.</doc>
<status status="PASS" start="2025-09-18T23:44:22.290822" elapsed="0.000604"/>
</kw>
<kw name="DELETE On Session" owner="RequestsLibrary">
<msg time="2025-09-18T23:44:22.424152" level="INFO">DELETE Request : url=https://restful-booker.herokuapp.com/booking/1650 
 path_url=/booking/1650 
 headers={'User-Agent': 'python-requests/2.32.5', 'Accept-Encoding': 'gzip, deflate', 'Accept': '*/*', 'Connection': 'keep-alive', 'Content-Type': 'application/json', 'Cookie': 'token=ef48cedafaef65f', 'Content-Length': '0'} 
 body=None 
 </msg>
<msg time="2025-09-18T23:44:22.424412" level="INFO">DELETE Response : url=https://restful-booker.herokuapp.com/booking/1650 
 status=201, reason=Created 
 headers={'Content-Length': '7', 'Content-Type': 'text/plain; charset=utf-8', 'Date': 'Fri, 19 Sep 2025 02:44:22 GMT', 'Etag': 'W/"7-rM9AyJuqT6iOan/xHh+AW+7K/T8"', 'Nel': '{"report_to":"heroku-nel","response_headers":["Via"],"max_age":3600,"success_fraction":0.01,"failure_fraction":0.1}', 'Report-To': '{"group":"heroku-nel","endpoints":[{"url":"https://nel.heroku.com/reports?s=yWxeWiF7PB6F6qDqnV13twQDsg0QXr%2FiEOYt0NmOfC0%3D\\u0026sid=c46efe9b-d3d2-4a0c-8c76-bfafa16c5add\\u0026ts=1758249862"}],"max_age":3600}', 'Reporting-Endpoints': 'heroku-nel="https://nel.heroku.com/reports?s=yWxeWiF7PB6F6qDqnV13twQDsg0QXr%2FiEOYt0NmOfC0%3D&amp;sid=c46efe9b-d3d2-4a0c-8c76-bfafa16c5add&amp;ts=1758249862"', 'Server': 'Heroku', 'Via': '1.1 heroku-router', 'X-Powered-By': 'Express'} 
 body=Created 
 </msg>
<msg time="2025-09-18T23:44:22.424646" level="INFO">C:\Users\livia\AppData\Local\Programs\Python\Python313\Lib\site-packages\urllib3\connectionpool.py:1097: InsecureRequestWarning: Unverified HTTPS request is being made to host 'restful-booker.herokuapp.com'. Adding certificate verification is strongly advised. See: https://urllib3.readthedocs.io/en/latest/advanced-usage.html#tls-warnings
  warnings.warn(</msg>
<msg time="2025-09-18T23:44:22.425493" level="INFO">${response} = &lt;Response [201]&gt;</msg>
<var>${response}</var>
<arg>api</arg>
<arg>/booking/${booking_id}</arg>
<arg>headers=${headers}</arg>
<doc>Sends a DELETE request on a previously created HTTP Session.</doc>
<status status="PASS" start="2025-09-18T23:44:22.291728" elapsed="0.133886"/>
</kw>
<kw name="Status Should Be" owner="RequestsLibrary">
<arg>201</arg>
<arg>${response}</arg>
<doc>Fails if response status code is different than the expected.</doc>
<status status="PASS" start="2025-09-18T23:44:22.426053" elapsed="0.000626"/>
</kw>
<arg>${booking_id_to_delete}</arg>
<arg>${token}</arg>
<status status="PASS" start="2025-09-18T23:44:22.290145" elapsed="0.136778"/>
</kw>
<kw name="Run Keyword And Expect Error" owner="BuiltIn">
<kw name="Get Booking By ID" owner="api_keywords">
<kw name="GET On Session" owner="RequestsLibrary">
<msg time="2025-09-18T23:44:22.555853" level="INFO">GET Request : url=https://restful-booker.herokuapp.com/booking/1650 
 path_url=/booking/1650 
 headers={'User-Agent': 'python-requests/2.32.5', 'Accept-Encoding': 'gzip, deflate', 'Accept': '*/*', 'Connection': 'keep-alive'} 
 body=None 
 </msg>
<msg time="2025-09-18T23:44:22.556040" level="INFO">GET Response : url=https://restful-booker.herokuapp.com/booking/1650 
 status=404, reason=Not Found 
 headers={'Content-Length': '9', 'Content-Type': 'text/plain; charset=utf-8', 'Date': 'Fri, 19 Sep 2025 02:44:22 GMT', 'Etag': 'W/"9-0gXL1ngzMqISxa6S1zx3F4wtLyg"', 'Nel': '{"report_to":"heroku-nel","response_headers":["Via"],"max_age":3600,"success_fraction":0.01,"failure_fraction":0.1}', 'Report-To': '{"group":"heroku-nel","endpoints":[{"url":"https://nel.heroku.com/reports?s=yWxeWiF7PB6F6qDqnV13twQDsg0QXr%2FiEOYt0NmOfC0%3D\\u0026sid=c46efe9b-d3d2-4a0c-8c76-bfafa16c5add\\u0026ts=1758249862"}],"max_age":3600}', 'Reporting-Endpoints': 'heroku-nel="https://nel.heroku.com/reports?s=yWxeWiF7PB6F6qDqnV13twQDsg0QXr%2FiEOYt0NmOfC0%3D&amp;sid=c46efe9b-d3d2-4a0c-8c76-bfafa16c5add&amp;ts=1758249862"', 'Server': 'Heroku', 'Via': '1.1 heroku-router', 'X-Powered-By': 'Express'} 
 body=Not Found 
 </msg>
<msg time="2025-09-18T23:44:22.556250" level="INFO">C:\Users\livia\AppData\Local\Programs\Python\Python313\Lib\site-packages\urllib3\connectionpool.py:1097: InsecureRequestWarning: Unverified HTTPS request is being made to host 'restful-booker.herokuapp.com'. Adding certificate verification is strongly advised. See: https://urllib3.readthedocs.io/en/latest/advanced-usage.html#tls-warnings
  warnings.warn(</msg>
<msg time="2025-09-18T23:44:22.556995" level="FAIL">HTTPError: 404 Client Error: Not Found for url: https://restful-booker.herokuapp.com/booking/1650</msg>
<var>${response}</var>
<arg>api</arg>
<arg>/booking/${booking_id}</arg>
<doc>Sends a GET request on a previously created HTTP Session.</doc>
<status status="FAIL" start="2025-09-18T23:44:22.429675" elapsed="0.133503">HTTPError: 404 Client Error: Not Found for url: https://restful-booker.herokuapp.com/booking/1650</status>
</kw>
<kw name="Status Should Be" owner="RequestsLibrary">
<arg>200</arg>
<arg>${response}</arg>
<doc>Fails if response status code is different than the expected.</doc>
<status status="NOT RUN" start="2025-09-18T23:44:22.563663" elapsed="0.000082"/>
</kw>
<return>
<value>${response.json()}</value>
<status status="NOT RUN" start="2025-09-18T23:44:22.563920" elapsed="0.000057"/>
</return>
<arg>${booking_id_to_delete}</arg>
<status status="FAIL" start="2025-09-18T23:44:22.428692" elapsed="0.135636">HTTPError: 404 Client Error: Not Found for url: https://restful-booker.herokuapp.com/booking/1650</status>
</kw>
<arg>*HTTPError: 404 Client Error*</arg>
<arg>Get Booking By ID</arg>
<arg>${booking_id_to_delete}</arg>
<doc>Runs the keyword and checks that the expected error occurred.</doc>
<status status="PASS" start="2025-09-18T23:44:22.427848" elapsed="0.137221"/>
</kw>
<tag>AUTH</tag>
<tag>DELETE</tag>
<status status="PASS" start="2025-09-18T23:44:22.016650" elapsed="0.549142"/>
</test>
<status status="PASS" start="2025-09-18T23:44:20.590907" elapsed="1.977110"/>
</suite>
<statistics>
<total>
<stat pass="4" fail="0" skip="0">All Tests</stat>
</total>
<tag>
<stat pass="2" fail="0" skip="0">AUTH</stat>
<stat pass="1" fail="0" skip="0">DELETE</stat>
<stat pass="2" fail="0" skip="0">GET</stat>
<stat pass="1" fail="0" skip="0">POST</stat>
<stat pass="1" fail="0" skip="0">PUT</stat>
<stat pass="1" fail="0" skip="0">SMOKE</stat>
</tag>
<suite>
<stat name="Booking Tests" id="s1" pass="4" fail="0" skip="0">Booking Tests</stat>
</suite>
</statistics>
<errors>
</errors>
</robot>
